<?xml version="1.0" encoding="UTF-8"?>
<!-- Generated by org.testng.reporters.JUnitReportReporter -->
<testsuite hostname="ustjava14" failures="0" tests="1" name="mockito.sample" time="0.073" errors="1" timestamp="2021-10-29T09:56:52 GMT+05:30" skipped="0">
  <testcase classname="mockito.sample" name="test" time="0.073">
    <error type="java.lang.ExceptionInInitializerError">
      <![CDATA[java.lang.ExceptionInInitializerError
at org.mockito.cglib.core.KeyFactory$Generator.generateClass(KeyFactory.java:167)
at org.mockito.cglib.core.DefaultGeneratorStrategy.generate(DefaultGeneratorStrategy.java:25)
at org.mockito.cglib.core.AbstractClassGenerator.create(AbstractClassGenerator.java:217)
at org.mockito.cglib.core.KeyFactory$Generator.create(KeyFactory.java:145)
at org.mockito.cglib.core.KeyFactory.create(KeyFactory.java:117)
at org.mockito.cglib.core.KeyFactory.create(KeyFactory.java:109)
at org.mockito.cglib.core.KeyFactory.create(KeyFactory.java:105)
at org.mockito.cglib.proxy.Enhancer.<clinit>(Enhancer.java:70)
at org.mockito.internal.creation.cglib.ClassImposterizer.createProxyClass(ClassImposterizer.java:95)
at org.mockito.internal.creation.cglib.ClassImposterizer.imposterise(ClassImposterizer.java:57)
at org.mockito.internal.creation.cglib.ClassImposterizer.imposterise(ClassImposterizer.java:49)
at org.mockito.internal.creation.cglib.CglibMockMaker.createMock(CglibMockMaker.java:24)
at org.mockito.internal.util.MockUtil.createMock(MockUtil.java:33)
at org.mockito.internal.MockitoCore.mock(MockitoCore.java:59)
at org.mockito.Mockito.mock(Mockito.java:1284)
at org.mockito.Mockito.mock(Mockito.java:1162)
at mockito.sample.test(sample.java:17)
at java.base/jdk.internal.reflect.NativeMethodAccessorImpl.invoke0(Native Method)
at java.base/jdk.internal.reflect.NativeMethodAccessorImpl.invoke(NativeMethodAccessorImpl.java:77)
at java.base/jdk.internal.reflect.DelegatingMethodAccessorImpl.invoke(DelegatingMethodAccessorImpl.java:43)
at java.base/java.lang.reflect.Method.invoke(Method.java:568)
at org.testng.internal.MethodInvocationHelper.invokeMethod(MethodInvocationHelper.java:133)
at org.testng.internal.TestInvoker.invokeMethod(TestInvoker.java:598)
at org.testng.internal.TestInvoker.invokeTestMethod(TestInvoker.java:173)
at org.testng.internal.MethodRunner.runInSequence(MethodRunner.java:46)
at org.testng.internal.TestInvoker$MethodInvocationAgent.invoke(TestInvoker.java:824)
at org.testng.internal.TestInvoker.invokeTestMethods(TestInvoker.java:146)
at org.testng.internal.TestMethodWorker.invokeTestMethods(TestMethodWorker.java:146)
at org.testng.internal.TestMethodWorker.run(TestMethodWorker.java:128)
at java.base/java.util.ArrayList.forEach(ArrayList.java:1511)
at org.testng.TestRunner.privateRun(TestRunner.java:794)
at org.testng.TestRunner.run(TestRunner.java:596)
at org.testng.SuiteRunner.runTest(SuiteRunner.java:377)
at org.testng.SuiteRunner.runSequentially(SuiteRunner.java:371)
at org.testng.SuiteRunner.privateRun(SuiteRunner.java:332)
at org.testng.SuiteRunner.run(SuiteRunner.java:276)
at org.testng.SuiteRunnerWorker.runSuite(SuiteRunnerWorker.java:53)
at org.testng.SuiteRunnerWorker.run(SuiteRunnerWorker.java:96)
at org.testng.TestNG.runSuitesSequentially(TestNG.java:1212)
at org.testng.TestNG.runSuitesLocally(TestNG.java:1134)
at org.testng.TestNG.runSuites(TestNG.java:1063)
at org.testng.TestNG.run(TestNG.java:1031)
at org.testng.remote.AbstractRemoteTestNG.run(AbstractRemoteTestNG.java:115)
at org.testng.remote.RemoteTestNG.initAndRun(RemoteTestNG.java:251)
at org.testng.remote.RemoteTestNG.main(RemoteTestNG.java:77)
Caused by: java.lang.reflect.InaccessibleObjectException: Unable to make protected final java.lang.Class java.lang.ClassLoader.defineClass(java.lang.String,byte[],int,int,java.security.ProtectionDomain) throws java.lang.ClassFormatError accessible: module java.base does not "opens java.lang" to unnamed module @5f341870
at java.base/java.lang.reflect.AccessibleObject.checkCanSetAccessible(AccessibleObject.java:354)
at java.base/java.lang.reflect.AccessibleObject.checkCanSetAccessible(AccessibleObject.java:297)
at java.base/java.lang.reflect.Method.checkCanSetAccessible(Method.java:199)
at java.base/java.lang.reflect.Method.setAccessible(Method.java:193)
at org.mockito.cglib.core.ReflectUtils$2.run(ReflectUtils.java:57)
at java.base/java.security.AccessController.doPrivileged(AccessController.java:318)
at org.mockito.cglib.core.ReflectUtils.<clinit>(ReflectUtils.java:47)
... 45 more
]]>
    </error>
  </testcase> <!-- test -->
  <system-out/>
</testsuite> <!-- mockito.sample -->
