<?xml version="1.0" encoding="UTF-8"?>
<!-- Generated by org.testng.reporters.JUnitReportReporter -->
<testsuite hostname="ustjava14" failures="0" tests="2" name="testRunner.testRunner" time="20.895" errors="0" timestamp="2021-11-03T16:42:25 GMT+05:30" skipped="0">
  <testcase classname="testRunner.testRunner" name="runScenario" time="11.185"/>
  <system-out/>
  <testcase classname="testRunner.testRunner" name="runScenario" time="9.710"/>
  <system-out/>
</testsuite> <!-- testRunner.testRunner -->
