<?xml version="1.0" encoding="UTF-8"?>
<!-- Generated by org.testng.reporters.JUnitReportReporter -->
<testsuite hostname="ustjava14" failures="0" tests="1" name="mockito.sample" time="0.175" errors="0" timestamp="2021-10-29T10:59:37 GMT+05:30" skipped="0">
  <testcase classname="mockito.sample" name="test" time="0.175"/>
  <system-out/>
</testsuite> <!-- mockito.sample -->
