<?xml version="1.0" encoding="UTF-8"?>
<!-- Generated by org.testng.reporters.JUnitReportReporter -->
<testsuite hostname="ustjava14" failures="0" tests="10" name="NewTest" time="18.008" errors="0" timestamp="2021-10-29T17:05:46 GMT+05:30" skipped="0">
  <testcase classname="NewTest" name="f2" time="4.039"/>
  <system-out/>
  <testcase classname="NewTest" name="f" time="1.604"/>
  <system-out/>
  <testcase classname="NewTest" name="f1" time="2.929"/>
  <system-out/>
  <testcase classname="NewTest" name="f4" time="0.047"/>
  <system-out/>
  <testcase classname="NewTest" name="m" time="2.138"/>
  <system-out/>
  <testcase classname="NewTest" name="f6" time="0.713"/>
  <system-out/>
  <testcase classname="NewTest" name="f7" time="5.078"/>
  <system-out/>
  <testcase classname="NewTest" name="f5" time="0.042"/>
  <system-out/>
  <testcase classname="NewTest" name="a" time="0.033"/>
  <system-out/>
  <testcase classname="NewTest" name="f3" time="1.385"/>
  <system-out/>
</testsuite> <!-- NewTest -->
