<?xml version="1.0" encoding="UTF-8"?>
<!-- Generated by org.testng.reporters.JUnitReportReporter -->
<testsuite hostname="ustjava14" failures="0" tests="2" name="testRun.testRunner" time="21.522" errors="0" timestamp="2021-11-10T09:11:03 GMT+05:30" skipped="0">
  <testcase classname="testRun.testRunner" name="runScenario" time="7.900"/>
  <system-out/>
  <testcase classname="testRun.testRunner" name="runScenario" time="13.622"/>
  <system-out/>
</testsuite> <!-- testRun.testRunner -->
